INFO: [VRFC 10-2263] Analyzing Verilog file "D:/vivado/myMCPU/CPU.srcs/sources_1/new/controlUnit.v" into library xil_defaultlib
INFO: [VRFC 10-311] analyzing module controlUnit
INFO: [VRFC 10-2263] Analyzing Verilog file "D:/vivado/myMCPU/CPU.srcs/sources_1/new/IR.v" into library xil_defaultlib
INFO: [VRFC 10-311] analyzing module IR
INFO: [VRFC 10-2263] Analyzing Verilog file "D:/vivado/myMCPU/CPU.srcs/sources_1/new/decodeInstruction.v" into library xil_defaultlib
INFO: [VRFC 10-311] analyzing module decodeInstruction
INFO: [VRFC 10-2263] Analyzing Verilog file "D:/vivado/myMCPU/CPU.srcs/sources_1/new/RegSelecter.v" into library xil_defaultlib
INFO: [VRFC 10-311] analyzing module RegSelecter
INFO: [VRFC 10-2263] Analyzing Verilog file "D:/vivado/myMCPU/CPU.srcs/sources_1/new/DBDR.v" into library xil_defaultlib
INFO: [VRFC 10-311] analyzing module DBDR
INFO: [VRFC 10-2263] Analyzing Verilog file "D:/vivado/myMCPU/CPU.srcs/sources_1/new/ALUoutDR.v" into library xil_defaultlib
INFO: [VRFC 10-311] analyzing module ALUoutDR
INFO: [VRFC 10-2263] Analyzing Verilog file "D:/vivado/myMCPU/CPU.srcs/sources_1/new/BDR.v" into library xil_defaultlib
INFO: [VRFC 10-311] analyzing module BDR
INFO: [VRFC 10-2263] Analyzing Verilog file "D:/vivado/myMCPU/CPU.srcs/sources_1/new/ADR.v" into library xil_defaultlib
INFO: [VRFC 10-311] analyzing module ADR
INFO: [VRFC 10-2263] Analyzing Verilog file "D:/vivado/myMCPU/CPU.srcs/sources_1/new/selecterFor32bits.v" into library xil_defaultlib
INFO: [VRFC 10-311] analyzing module selecterFor32bits
INFO: [VRFC 10-2263] Analyzing Verilog file "D:/vivado/myMCPU/CPU.srcs/sources_1/new/RegFile.v" into library xil_defaultlib
INFO: [VRFC 10-311] analyzing module RegFile
INFO: [VRFC 10-2263] Analyzing Verilog file "D:/vivado/myMCPU/CPU.srcs/sources_1/new/RAM.v" into library xil_defaultlib
INFO: [VRFC 10-311] analyzing module RAM
INFO: [VRFC 10-2263] Analyzing Verilog file "D:/vivado/myMCPU/CPU.srcs/sources_1/new/PCSelecter.v" into library xil_defaultlib
INFO: [VRFC 10-311] analyzing module PCSelecter
INFO: [VRFC 10-2263] Analyzing Verilog file "D:/vivado/myMCPU/CPU.srcs/sources_1/new/PC.v" into library xil_defaultlib
INFO: [VRFC 10-311] analyzing module PC
INFO: [VRFC 10-2263] Analyzing Verilog file "D:/vivado/myMCPU/CPU.srcs/sources_1/new/instructionMemory.v" into library xil_defaultlib
INFO: [VRFC 10-311] analyzing module instructionMemory
INFO: [VRFC 10-2263] Analyzing Verilog file "D:/vivado/myMCPU/CPU.srcs/sources_1/new/aignZeroExtend.v" into library xil_defaultlib
INFO: [VRFC 10-311] analyzing module aignZeroExtend
INFO: [VRFC 10-2263] Analyzing Verilog file "D:/vivado/myMCPU/CPU.srcs/sources_1/new/ALU32.v" into library xil_defaultlib
INFO: [VRFC 10-311] analyzing module ALU32
INFO: [VRFC 10-2263] Analyzing Verilog file "D:/vivado/myMCPU/CPU.srcs/sources_1/new/CPU.v" into library xil_defaultlib
INFO: [VRFC 10-311] analyzing module CPUTOP
INFO: [VRFC 10-2263] Analyzing Verilog file "D:/vivado/myMCPU/CPU.srcs/sim_1/new/cpu_sim.v" into library xil_defaultlib
INFO: [VRFC 10-311] analyzing module cpu_sim
INFO: [VRFC 10-2263] Analyzing Verilog file "D:/vivado/myMCPU/CPU.sim/sim_1/behav/glbl.v" into library xil_defaultlib
INFO: [VRFC 10-311] analyzing module glbl
